\BOOKMARK [1][]{section.1}{\376\377\000I\000n\000t\000r\000o\000d\000u\000c\000t\000i\000o\000n}{}% 1
\BOOKMARK [1][]{section.2}{\376\377\000I\000n\000t\000r\000o\000d\000u\000z\000i\000o\000n\000e\000\040\000e\000\040\000m\000o\000t\000i\000v\000a\000z\000i\000o\000n\000e}{}% 2
\BOOKMARK [1][]{section.3}{\376\377\000P\000r\000i\000n\000c\000i\000p\000i\000o\000\040\000f\000i\000s\000i\000c\000o\000:\000\040\000c\000a\000m\000m\000i\000n\000o\000\040\000o\000t\000t\000i\000c\000o\000\040\000e\000\040\000s\000f\000a\000s\000a\000m\000e\000n\000t\000o}{}% 3
\BOOKMARK [2][]{subsection.3.1}{\376\377\000L\000'\000i\000n\000d\000i\000c\000e\000\040\000d\000i\000\040\000r\000i\000f\000r\000a\000z\000i\000o\000n\000e\000\040\000e\000\040\000l\000a\000\040\000v\000e\000l\000o\000c\000i\000t\000\340\000\040\000d\000e\000l\000l\000a\000\040\000l\000u\000c\000e}{section.3}% 4
\BOOKMARK [2][]{subsection.3.2}{\376\377\000D\000e\000f\000i\000n\000i\000z\000i\000o\000n\000e\000\040\000d\000e\000l\000\040\000c\000a\000m\000m\000i\000n\000o\000\040\000o\000t\000t\000i\000c\000o}{section.3}% 5
\BOOKMARK [2][]{subsection.3.3}{\376\377\000C\000o\000n\000f\000i\000g\000u\000r\000a\000z\000i\000o\000n\000e\000\040\000s\000p\000e\000r\000i\000m\000e\000n\000t\000a\000l\000e\000\040\000d\000e\000l\000l\000a\000\040\000D\000H\000M}{section.3}% 6
\BOOKMARK [2][]{subsection.3.4}{\376\377\000R\000e\000l\000a\000z\000i\000o\000n\000e\000\040\000t\000r\000a\000\040\000O\000P\000L\000\040\000e\000\040\000f\000a\000s\000e\000\040\000m\000i\000s\000u\000r\000a\000t\000a}{section.3}% 7
\BOOKMARK [1][]{section.4}{\376\377\000S\000t\000a\000b\000i\000l\000i\000t\000\340\000\040\000d\000e\000l\000\040\000s\000i\000s\000t\000e\000m\000a\000\040\000e\000\040\000p\000r\000e\000s\000t\000a\000z\000i\000o\000n\000i\000\040\000d\000e\000l\000l\000a\000\040\000D\000H\000M}{}% 8
\BOOKMARK [1][]{section.5}{\376\377\000L\000a\000\040\000p\000r\000o\000c\000e\000d\000u\000r\000a\000\040\000d\000i\000\040\000d\000i\000s\000a\000c\000c\000o\000p\000p\000i\000a\000m\000e\000n\000t\000o}{}% 9
\BOOKMARK [2][]{subsection.5.1}{\376\377\000I\000d\000e\000a\000\040\000f\000o\000n\000d\000a\000m\000e\000n\000t\000a\000l\000e}{section.5}% 10
\BOOKMARK [2][]{subsection.5.2}{\376\377\000P\000r\000o\000t\000o\000c\000o\000l\000l\000o\000\040\000s\000p\000e\000r\000i\000m\000e\000n\000t\000a\000l\000e}{section.5}% 11
\BOOKMARK [2][]{subsection.5.3}{\376\377\000I\000l\000\040\000s\000i\000s\000t\000e\000m\000a\000\040\000d\000i\000\040\000e\000q\000u\000a\000z\000i\000o\000n\000i}{section.5}% 12
\BOOKMARK [2][]{subsection.5.4}{\376\377\000D\000e\000r\000i\000v\000a\000z\000i\000o\000n\000e\000\040\000d\000e\000l\000l\000a\000\040\000f\000o\000r\000m\000u\000l\000a\000\040\000p\000e\000r\000\040\000l\000o\000\040\000s\000p\000e\000s\000s\000o\000r\000e\000\040\000c\000e\000l\000l\000u\000l\000a\000r\000e}{section.5}% 13
\BOOKMARK [2][]{subsection.5.5}{\376\377\000D\000e\000r\000i\000v\000a\000z\000i\000o\000n\000e\000\040\000d\000e\000l\000l\000a\000\040\000f\000o\000r\000m\000u\000l\000a\000\040\000p\000e\000r\000\040\000l\000'\000i\000n\000d\000i\000c\000e\000\040\000d\000i\000\040\000r\000i\000f\000r\000a\000z\000i\000o\000n\000e\000\040\000i\000n\000t\000e\000g\000r\000a\000l\000e}{section.5}% 14
\BOOKMARK [2][]{subsection.5.6}{\376\377\000R\000i\000e\000p\000i\000l\000o\000g\000o\000\040\000d\000e\000l\000\040\000s\000i\000s\000t\000e\000m\000a\000:\000\040\000f\000o\000r\000m\000a\000\040\000m\000a\000t\000r\000i\000c\000i\000a\000l\000e}{section.5}% 15
\BOOKMARK [1][]{section.6}{\376\377\000P\000r\000e\000c\000i\000s\000i\000o\000n\000e\000\040\000e\000\040\000l\000i\000m\000i\000t\000i\000\040\000d\000e\000l\000l\000a\000\040\000p\000r\000o\000c\000e\000d\000u\000r\000a}{}% 16
\BOOKMARK [2][]{subsection.6.1}{\376\377\000S\000t\000i\000m\000e\000\040\000t\000e\000o\000r\000i\000c\000h\000e\000\040\000d\000i\000\040\000a\000c\000c\000u\000r\000a\000t\000e\000z\000z\000a\000\040\000p\000e\000r\000\040\000c\000a\000m\000p\000i\000o\000n\000i\000\040\000f\000i\000s\000s\000i}{section.6}% 17
\BOOKMARK [2][]{subsection.6.2}{\376\377\000E\000f\000f\000e\000t\000t\000i\000\040\000d\000e\000i\000\040\000m\000i\000c\000r\000o\000-\000m\000o\000v\000i\000m\000e\000n\000t\000i\000\040\000s\000u\000\040\000c\000a\000m\000p\000i\000o\000n\000i\000\040\000v\000i\000v\000e\000n\000t\000i}{section.6}% 18
\BOOKMARK [2][]{subsection.6.3}{\376\377\000L\000a\000\040\000m\000e\000d\000i\000a\000\040\000s\000p\000a\000z\000i\000a\000l\000e\000\040\000c\000o\000m\000e\000\040\000r\000i\000m\000e\000d\000i\000o}{section.6}% 19
\BOOKMARK [1][]{section.7}{\376\377\000D\000i\000s\000c\000u\000s\000s\000i\000o\000n\000e\000\040\000c\000r\000i\000t\000i\000c\000a\000\040\000d\000e\000l\000l\000e\000\040\000f\000o\000r\000m\000u\000l\000e\000\040\000\050\0004\000\051\000\040\000e\000\040\000\050\0005\000\051}{}% 20
\BOOKMARK [2][]{subsection.7.1}{\376\377\000F\000o\000r\000m\000u\000l\000a\000\040\000\050\0004\000\051\000:\000\040\000m\000i\000s\000u\000r\000a\000\040\000d\000e\000l\000l\000'\000i\000n\000d\000i\000c\000e\000\040\000d\000i\000\040\000r\000i\000f\000r\000a\000z\000i\000o\000n\000e\000\040\000i\000n\000t\000e\000g\000r\000a\000l\000e}{section.7}% 21
\BOOKMARK [2][]{subsection.7.2}{\376\377\000F\000o\000r\000m\000u\000l\000a\000\040\000\050\0005\000\051\000:\000\040\000m\000i\000s\000u\000r\000a\000\040\000d\000e\000l\000l\000o\000\040\000s\000p\000e\000s\000s\000o\000r\000e\000\040\000c\000e\000l\000l\000u\000l\000a\000r\000e}{section.7}% 22
\BOOKMARK [2][]{subsection.7.3}{\376\377\000R\000e\000l\000a\000z\000i\000o\000n\000e\000\040\000t\000r\000a\000\040\000l\000e\000\040\000d\000u\000e\000\040\000f\000o\000r\000m\000u\000l\000e}{section.7}% 23
\BOOKMARK [1][]{section.8}{\376\377\000S\000t\000i\000m\000a\000\040\000d\000e\000l\000\040\000v\000o\000l\000u\000m\000e\000\040\000c\000e\000l\000l\000u\000l\000a\000r\000e\000\040\000d\000a\000l\000l\000a\000\040\000m\000o\000r\000f\000o\000m\000e\000t\000r\000i\000a}{}% 24
\BOOKMARK [1][]{section.9}{\376\377\000I\000n\000t\000e\000r\000p\000r\000e\000t\000a\000z\000i\000o\000n\000e\000\040\000f\000i\000s\000i\000c\000a\000\040\000d\000e\000l\000l\000'\000i\000n\000d\000i\000c\000e\000\040\000d\000i\000\040\000r\000i\000f\000r\000a\000z\000i\000o\000n\000e\000\040\000i\000n\000t\000e\000g\000r\000a\000l\000e}{}% 25
\BOOKMARK [1][]{section.10}{\376\377\000C\000o\000n\000c\000l\000u\000s\000i\000o\000n\000i}{}% 26
\BOOKMARK [1][]{section.11}{\376\377\000C\000o\000n\000t\000e\000s\000t\000o\000\040\000e\000\040\000o\000b\000i\000e\000t\000t\000i\000v\000o\000\040\000d\000e\000l\000l\000'\000e\000s\000p\000e\000r\000i\000m\000e\000n\000t\000o}{}% 27
\BOOKMARK [2][]{subsection.11.1}{\376\377\000I\000l\000\040\000c\000a\000m\000p\000i\000o\000n\000e}{section.11}% 28
\BOOKMARK [2][]{subsection.11.2}{\376\377\000I\000l\000\040\000m\000e\000z\000z\000o\000\040\000e\000s\000t\000e\000r\000n\000o}{section.11}% 29
\BOOKMARK [2][]{subsection.11.3}{\376\377\000D\000i\000f\000f\000e\000r\000e\000n\000z\000a\000\040\000f\000o\000n\000d\000a\000m\000e\000n\000t\000a\000l\000e\000\040\000r\000i\000s\000p\000e\000t\000t\000o\000\040\000a\000l\000l\000'\000e\000s\000p\000e\000r\000i\000m\000e\000n\000t\000o\000\040\000b\000i\000o\000l\000o\000g\000i\000c\000o}{section.11}% 30
\BOOKMARK [1][]{section.12}{\376\377\000P\000r\000i\000n\000c\000i\000p\000i\000o\000\040\000f\000i\000s\000i\000c\000o\000\040\000e\000\040\000e\000q\000u\000a\000z\000i\000o\000n\000e\000\040\000d\000i\000\040\000m\000i\000s\000u\000r\000a}{}% 31
\BOOKMARK [2][]{subsection.12.1}{\376\377\000C\000a\000m\000m\000i\000n\000o\000\040\000o\000t\000t\000i\000c\000o\000\040\000e\000\040\000f\000a\000s\000e\000\040\000D\000H\000M}{section.12}% 32
\BOOKMARK [2][]{subsection.12.2}{\376\377\000L\000a\000\040\000f\000a\000s\000e\000\040\000c\000o\000m\000e\000\040\000f\000u\000n\000z\000i\000o\000n\000e\000\040\000l\000i\000n\000e\000a\000r\000e\000\040\000d\000i\000\040\000n\000m\000\050\000k\000\051}{section.12}% 33
\BOOKMARK [1][]{section.13}{\376\377\000P\000r\000o\000b\000l\000e\000m\000a\000\040\000c\000r\000i\000t\000i\000c\000o\000:\000\040\000i\000l\000\040\000p\000h\000a\000s\000e\000\040\000w\000r\000a\000p\000p\000i\000n\000g}{}% 34
\BOOKMARK [2][]{subsection.13.1}{\376\377\000S\000t\000i\000m\000a\000\040\000q\000u\000a\000n\000t\000i\000t\000a\000t\000i\000v\000a\000\040\000d\000e\000l\000\040\000n\000u\000m\000e\000r\000o\000\040\000d\000i\000\040\000a\000v\000v\000o\000l\000g\000i\000m\000e\000n\000t\000i}{section.13}% 35
\BOOKMARK [2][]{subsection.13.2}{\376\377\000C\000o\000m\000e\000\040\000v\000e\000r\000i\000f\000i\000c\000a\000r\000e\000\040\000c\000h\000e\000\040\000l\000'\000u\000n\000w\000r\000a\000p\000p\000i\000n\000g\000\040\000s\000i\000a\000\040\000c\000o\000r\000r\000e\000t\000t\000o}{section.13}% 36
\BOOKMARK [1][]{section.14}{\376\377\000P\000r\000o\000c\000e\000d\000u\000r\000a\000\040\000d\000i\000\040\000d\000i\000s\000a\000c\000c\000o\000p\000p\000i\000a\000m\000e\000n\000t\000o\000:\000\040\000r\000e\000c\000u\000p\000e\000r\000o\000\040\000d\000e\000l\000l\000e\000\040\000f\000o\000r\000m\000u\000l\000e\000\040\000\050\0004\000\051\000\040\000e\000\040\000\050\0005\000\051}{}% 37
\BOOKMARK [2][]{subsection.14.1}{\376\377\000D\000e\000r\000i\000v\000a\000z\000i\000o\000n\000e\000\040\000d\000e\000l\000l\000a\000\040\000f\000o\000r\000m\000u\000l\000a\000\040\000p\000e\000r\000\040\000l\000o\000\040\000s\000p\000e\000s\000s\000o\000r\000e}{section.14}% 38
\BOOKMARK [2][]{subsection.14.2}{\376\377\000D\000e\000r\000i\000v\000a\000z\000i\000o\000n\000e\000\040\000d\000e\000l\000l\000a\000\040\000f\000o\000r\000m\000u\000l\000a\000\040\000p\000e\000r\000\040\000l\000'\000i\000n\000d\000i\000c\000e\000\040\000d\000i\000\040\000r\000i\000f\000r\000a\000z\000i\000o\000n\000e}{section.14}% 39
\BOOKMARK [2][]{subsection.14.3}{\376\377\000V\000e\000r\000i\000f\000i\000c\000a\000\040\000i\000n\000t\000e\000r\000n\000a\000:\000\040\000h\000\040\000n\000o\000t\000o\000\040\000v\000s\000\040\000h\000\040\000r\000i\000c\000o\000s\000t\000r\000u\000i\000t\000o}{section.14}% 40
\BOOKMARK [1][]{section.15}{\376\377\000A\000n\000a\000l\000i\000s\000i\000\040\000g\000l\000o\000b\000a\000l\000e\000:\000\040\000f\000i\000t\000\040\000l\000i\000n\000e\000a\000r\000e\000\040\000s\000u\000\040\000t\000u\000t\000t\000e\000\040\000l\000e\000\040\000c\000o\000p\000p\000i\000e}{}% 41
\BOOKMARK [2][]{subsection.15.1}{\376\377\000I\000m\000p\000o\000s\000t\000a\000z\000i\000o\000n\000e\000\040\000d\000e\000l\000\040\000p\000r\000o\000b\000l\000e\000m\000a}{section.15}% 42
\BOOKMARK [2][]{subsection.15.2}{\376\377\000S\000o\000l\000u\000z\000i\000o\000n\000e\000\040\000a\000i\000\040\000m\000i\000n\000i\000m\000i\000\040\000q\000u\000a\000d\000r\000a\000t\000i}{section.15}% 43
\BOOKMARK [1][]{section.16}{\376\377\000P\000r\000o\000p\000a\000g\000a\000z\000i\000o\000n\000e\000\040\000d\000e\000g\000l\000i\000\040\000e\000r\000r\000o\000r\000i}{}% 44
\BOOKMARK [2][]{subsection.16.1}{\376\377\000E\000r\000r\000o\000r\000e\000\040\000s\000u\000\040\000n\000t\000a\000p\000e\000\040\000d\000a\000l\000l\000a\000\040\000f\000o\000r\000m\000u\000l\000a\000\040\000\050\0004\000'\000\051}{section.16}% 45
\BOOKMARK [2][]{subsection.16.2}{\376\377\000E\000f\000f\000e\000t\000t\000o\000\040\000d\000e\000l\000l\000a\000\040\000t\000e\000m\000p\000e\000r\000a\000t\000u\000r\000a\000\040\000s\000u\000\040\000n\000m\000\050\000k\000\051}{section.16}% 46
\BOOKMARK [1][]{section.17}{\376\377\000S\000c\000h\000e\000m\000a\000\040\000o\000p\000e\000r\000a\000t\000i\000v\000o\000\040\000d\000e\000l\000l\000'\000a\000n\000a\000l\000i\000s\000i}{}% 47
\BOOKMARK [1][]{section.18}{\376\377\000R\000i\000e\000p\000i\000l\000o\000g\000o\000:\000\040\000d\000i\000f\000f\000e\000r\000e\000n\000z\000e\000\040\000r\000i\000s\000p\000e\000t\000t\000o\000\040\000a\000l\000\040\000p\000a\000p\000e\000r\000\040\000o\000r\000i\000g\000i\000n\000a\000l\000e}{}% 48
\BOOKMARK [1][]{section.19}{\376\377\000Q\000u\000e\000s\000t\000i\000o\000n\000i\000\040\000a\000p\000e\000r\000t\000e}{}% 49
\BOOKMARK [1][]{section.20}{\376\377\000F\000a\000s\000e\000\040\000i\000n\000t\000e\000r\000f\000e\000r\000o\000m\000e\000t\000r\000i\000c\000a\000\040\000e\000\040\000p\000h\000a\000s\000e\000\040\000u\000n\000w\000r\000a\000p\000p\000i\000n\000g\000\040\000i\000n\000\040\000D\000i\000g\000i\000t\000a\000l\000\040\000H\000o\000l\000o\000g\000r\000a\000p\000h\000i\000c\000\040\000M\000i\000c\000r\000o\000s\000c\000o\000p\000y}{}% 50
\BOOKMARK [2][]{subsection.20.1}{\376\377\000F\000a\000s\000e\000\040\000w\000r\000a\000p\000p\000e\000d\000\040\000e\000\040\000p\000e\000r\000i\000o\000d\000i\000c\000i\000t\000\340\000\040\000d\000e\000l\000l\000a\000\040\000m\000i\000s\000u\000r\000a}{section.20}% 51
\BOOKMARK [2][]{subsection.20.2}{\376\377\000I\000n\000t\000e\000r\000p\000r\000e\000t\000a\000z\000i\000o\000n\000e\000\040\000s\000p\000a\000z\000i\000a\000l\000e\000\040\000e\000\040\000f\000r\000a\000n\000g\000e\000\040\000d\000i\000\040\000i\000n\000t\000e\000r\000f\000e\000r\000e\000n\000z\000a}{section.20}% 52
\BOOKMARK [2][]{subsection.20.3}{\376\377\000P\000h\000a\000s\000e\000\040\000u\000n\000w\000r\000a\000p\000p\000i\000n\000g}{section.20}% 53
\BOOKMARK [2][]{subsection.20.4}{\376\377\000O\000s\000s\000e\000r\000v\000a\000z\000i\000o\000n\000i\000\040\000f\000i\000n\000a\000l\000i}{section.20}% 54
\BOOKMARK [1][]{section.21}{\376\377\000C\000o\000n\000s\000t\000r\000u\000c\000t\000i\000o\000n}{}% 55
\BOOKMARK [1][]{section.22}{\376\377\000D\000a\000t\000a\000\040\000A\000n\000a\000l\000y\000s\000i\000s}{}% 56
\BOOKMARK [2][]{subsection.22.1}{\376\377\000H\000o\000l\000o\000g\000r\000a\000m\000\040\000A\000c\000q\000u\000i\000s\000i\000t\000i\000o\000n\000\040\000a\000n\000d\000\040\000F\000F\000T\000\040\000C\000o\000m\000p\000u\000t\000a\000t\000i\000o\000n}{section.22}% 57
\BOOKMARK [2][]{subsection.22.2}{\376\377\000G\000a\000t\000e\000d\000\040\000S\000p\000e\000c\000t\000r\000u\000m\000\040\000a\000n\000d\000\040\000F\000i\000e\000l\000d\000\040\000R\000e\000c\000o\000v\000e\000r\000y}{section.22}% 58
\BOOKMARK [2][]{subsection.22.3}{\376\377\000R\000e\000s\000o\000l\000u\000t\000i\000o\000n\000\040\000B\000u\000d\000g\000e\000t\000:\000\040\000D\000i\000g\000i\000t\000a\000l\000\040\000v\000s\000.\000\040\000O\000p\000t\000i\000c\000a\000l\000\040\000L\000i\000m\000i\000t}{section.22}% 59
\BOOKMARK [2][]{subsection.22.4}{\376\377\000S\000p\000e\000c\000t\000r\000a\000l\000\040\000M\000a\000s\000k\000i\000n\000g}{section.22}% 60
\BOOKMARK [2][]{subsection.22.5}{\376\377\000F\000r\000e\000q\000u\000e\000n\000c\000y\000-\000W\000e\000i\000g\000h\000t\000e\000d\000\040\000S\000h\000a\000r\000p\000n\000e\000s\000s\000\040\000M\000e\000t\000r\000i\000c}{section.22}% 61
\BOOKMARK [2][]{subsection.22.6}{\376\377\000N\000u\000m\000e\000r\000i\000c\000a\000l\000\040\000P\000r\000o\000p\000a\000g\000a\000t\000i\000o\000n\000\040\040\024\000\040\000A\000n\000g\000u\000l\000a\000r\000\040\000S\000p\000e\000c\000t\000r\000u\000m\000\040\000M\000e\000t\000h\000o\000d}{section.22}% 62
\BOOKMARK [2][]{subsection.22.7}{\376\377\000A\000m\000p\000l\000i\000t\000u\000d\000e\000\040\000a\000n\000d\000\040\000P\000h\000a\000s\000e\000\040\000R\000e\000c\000o\000n\000s\000t\000r\000u\000c\000t\000i\000o\000n}{section.22}% 63
\BOOKMARK [2][]{subsection.22.8}{\376\377\000P\000r\000o\000c\000e\000s\000s\000i\000n\000g\000\040\000P\000i\000p\000e\000l\000i\000n\000e\000\040\000S\000u\000m\000m\000a\000r\000y}{section.22}% 64
\BOOKMARK [1][]{section.23}{\376\377\000C\000o\000n\000c\000l\000u\000s\000i\000o\000n\000s}{}% 65
